5/17/2025 7:46:55 AM :: Detect_BIOSRAID : Device ID: ROOT\SPACEPORT\0000
5/17/2025 7:46:55 AM :: Detect_BIOSRAID : PNP Device ID: ROOT\SPACEPORT\0000
5/17/2025 7:46:55 AM :: Detect_BIOSRAID : Device ID: PCI\VEN_144D&DEV_A809&SUBSYS_A801144D&REV_00\4&2EC11BF&0&000A
5/17/2025 7:46:55 AM :: Detect_BIOSRAID : PNP Device ID: PCI\VEN_144D&DEV_A809&SUBSYS_A801144D&REV_00\4&2EC11BF&0&000A
5/17/2025 7:46:55 AM :: Detect_BIOSRAID : Device ID: SWD\XVDDENUM\XVDDROOTDEVICE_INSTANCE
5/17/2025 7:46:55 AM :: Detect_BIOSRAID : PNP Device ID: SWD\XVDDENUM\XVDDROOTDEVICE_INSTANCE
5/17/2025 7:46:55 AM :: Detect_BIOSRAID : Device ID: PCI\VEN_144D&DEV_A808&SUBSYS_A801144D&REV_00\4&21F51470&0&0019
5/17/2025 7:46:55 AM :: Detect_BIOSRAID : PNP Device ID: PCI\VEN_144D&DEV_A808&SUBSYS_A801144D&REV_00\4&21F51470&0&0019
5/17/2025 7:47:15 AM :: Detect_BIOSRAID : Device ID: ROOT\SPACEPORT\0000
5/17/2025 7:47:15 AM :: Detect_BIOSRAID : PNP Device ID: ROOT\SPACEPORT\0000
5/17/2025 7:47:15 AM :: Detect_BIOSRAID : Device ID: PCI\VEN_144D&DEV_A809&SUBSYS_A801144D&REV_00\4&2EC11BF&0&000A
5/17/2025 7:47:15 AM :: Detect_BIOSRAID : PNP Device ID: PCI\VEN_144D&DEV_A809&SUBSYS_A801144D&REV_00\4&2EC11BF&0&000A
5/17/2025 7:47:15 AM :: Detect_BIOSRAID : Device ID: SWD\XVDDENUM\XVDDROOTDEVICE_INSTANCE
5/17/2025 7:47:15 AM :: Detect_BIOSRAID : PNP Device ID: SWD\XVDDENUM\XVDDROOTDEVICE_INSTANCE
5/17/2025 7:47:15 AM :: Detect_BIOSRAID : Device ID: PCI\VEN_144D&DEV_A808&SUBSYS_A801144D&REV_00\4&21F51470&0&0019
5/17/2025 7:47:15 AM :: Detect_BIOSRAID : PNP Device ID: PCI\VEN_144D&DEV_A808&SUBSYS_A801144D&REV_00\4&21F51470&0&0019
5/17/2025 3:29:49 PM :: Detect_BIOSRAID : Device ID: ROOT\SPACEPORT\0000
5/17/2025 3:29:49 PM :: Detect_BIOSRAID : PNP Device ID: ROOT\SPACEPORT\0000
5/17/2025 3:29:49 PM :: Detect_BIOSRAID : Device ID: PCI\VEN_144D&DEV_A809&SUBSYS_A801144D&REV_00\4&2EC11BF&0&000A
5/17/2025 3:29:49 PM :: Detect_BIOSRAID : PNP Device ID: PCI\VEN_144D&DEV_A809&SUBSYS_A801144D&REV_00\4&2EC11BF&0&000A
5/17/2025 3:29:49 PM :: Detect_BIOSRAID : Device ID: SWD\XVDDENUM\XVDDROOTDEVICE_INSTANCE
5/17/2025 3:29:49 PM :: Detect_BIOSRAID : PNP Device ID: SWD\XVDDENUM\XVDDROOTDEVICE_INSTANCE
5/17/2025 3:29:49 PM :: Detect_BIOSRAID : Device ID: PCI\VEN_144D&DEV_A808&SUBSYS_A801144D&REV_00\4&21F51470&0&0019
5/17/2025 3:29:49 PM :: Detect_BIOSRAID : PNP Device ID: PCI\VEN_144D&DEV_A808&SUBSYS_A801144D&REV_00\4&21F51470&0&0019
5/17/2025 3:29:49 PM :: Cleanup_installdir : Remove RAIDXpert2 subfolders started.C:\Program Files (x86)\RAIDXpert2
